#
# A fatal error has been detected by the Java Runtime Environment:
#
#  SIGSEGV (0xb) at pc=0x00007fff31cdf924, pid=3633, tid=775
#
# JRE version: Java(TM) SE Runtime Environment (11.0.6+8) (build 11.0.6+8-LTS)
# Java VM: Java HotSpot(TM) 64-Bit Server VM (11.0.6+8-LTS, mixed mode, tiered, compressed oops, g1 gc, bsd-amd64)
# Problematic frame:
# C  [HIToolbox+0x27924]  THIThemeTextInfoFinder::GetOptions() const+0x8
#
# No core dump will be written. Core dumps have been disabled. To enable core dumping, try "ulimit -c unlimited" before starting Java again
#
# If you would like to submit a bug report, please visit:
#   http://bugreport.java.com/bugreport/crash.jsp
#

---------------  S U M M A R Y ------------

Command Line: --add-modules=javafx.controls --module-path=/Users/merkrin/.gradle/caches/modules-2/files-2.1/org.openjfx/javafx-controls/11/e3a24a14e8732abc6dc173f15872dc63e2a32e16/javafx-controls-11-mac.jar:/Users/merkrin/.gradle/caches/modules-2/files-2.1/org.openjfx/javafx-graphics/11/af47a6d3668d3ce1c61e1fe13c44471b6f8d469/javafx-graphics-11-mac.jar:/Users/merkrin/.gradle/caches/modules-2/files-2.1/org.openjfx/javafx-base/11/4b060dad0affd866df9d959e064faa8a1a2f4af0/javafx-base-11-mac.jar -Dfile.encoding=UTF-8 -Duser.country=RU -Duser.language=de -Duser.variant ru.hse.gui.GUI

Host: MacBookPro15,4 x86_64 1400 MHz, 8 cores, 8G, Darwin 19.4.0
Time: Sat Apr 25 18:30:46 2020 MSK elapsed time: 0 seconds (0d 0h 0m 0s)

---------------  T H R E A D  ---------------

Current thread is native thread

Stack: [0x00007ffee2894000,0x00007ffee3094000],  sp=0x00007ffee3090030,  free space=8176k
Native frames: (J=compiled Java code, A=aot compiled Java code, j=interpreted, Vv=VM code, C=native code)
C  [HIToolbox+0x27924]  THIThemeTextInfoFinder::GetOptions() const+0x8
C  [HIToolbox+0x2784e]  TCoreTextEngine::VerifyLayout(THIThemeTextInfo*, float, float, LayoutIntent)+0x34
C  [HIToolbox+0x2775b]  TCoreTextEngine::GetThemeTextDimensions(double, THIThemeTextInfo*, double*, double*, double*)+0x2b
C  [HIToolbox+0x26247]  DataEngine::GetTextDimensions(void const*, double, HIThemeTextInfo*, double*, double*, double*)+0x10f
C  [HIToolbox+0x26106]  HIThemeGetTextDimensions+0xbc
C  [HIToolbox+0x25a51]  HIMenuBarView::MeasureMenuTitle(MenuData*, unsigned char, float*, int)+0x1ab
C  [HIToolbox+0x257de]  HIMenuBarView::MeasureAppMenus()+0xe6
C  [HIToolbox+0x25367]  HIMenuBarView::EnsureBarLayout()+0x1a3
C  [HIToolbox+0x24c77]  HIMenuBarView::DrawOnce(CGRect, CGRect, bool, bool, CGContext*)+0x243
C  [HIToolbox+0x2494e]  HIMenuBarView::DrawSelf(short, __HIShape const*, CGContext*)+0x23a
C  [HIToolbox+0x243b6]  HIMenuBarView::DrawWithoutCustomization(short, __HIShape const*, CGContext*)+0x52
C  [HIToolbox+0x2434e]  HIMenuBarView::DrawingDelegateHandler(OpaqueEventHandlerCallRef*, OpaqueEventRef*, void*)+0x102
C  [HIToolbox+0x88ff]  DispatchEventToHandlers(EventTargetRec*, OpaqueEventRef*, HandlerCallRec*)+0x4e6
C  [HIToolbox+0x7d8d]  SendEventToEventTargetInternal(OpaqueEventRef*, OpaqueEventTargetRef*, HandlerCallRec*)+0x149
C  [HIToolbox+0x7c3d]  SendEventToEventTargetWithOptions+0x2d
C  [HIToolbox+0x23ecd]  HIView::SendDraw(short, OpaqueGrafPtr*, __HIShape const*, CGContext*)+0x145
C  [HIToolbox+0x23967]  HIView::RecursiveDrawComposited(__HIShape const*, __HIShape const*, unsigned int, HIView*, CGContext*, unsigned char, double)+0x23f
C  [HIToolbox+0x23b61]  HIView::RecursiveDrawComposited(__HIShape const*, __HIShape const*, unsigned int, HIView*, CGContext*, unsigned char, double)+0x439
C  [HIToolbox+0x23399]  HIView::DrawComposited(short, OpaqueGrafPtr*, __HIShape const*, unsigned int, HIView*, CGContext*)+0x32f
C  [HIToolbox+0x2305b]  HIView::Render(unsigned int, CGContext*)+0x33
C  [HIToolbox+0x3af2b]  FlushWindowObject(WindowData*, void**, unsigned char)+0x2ed
C  [HIToolbox+0x3a96b]  FlushAllBuffers(__CFRunLoopObserver*, unsigned long, void*)+0x132
C  [CoreFoundation+0x834f5]  __CFRUNLOOP_IS_CALLING_OUT_TO_AN_OBSERVER_CALLBACK_FUNCTION__+0x17
C  [CoreFoundation+0x83427]  __CFRunLoopDoObservers+0x1c9
C  [CoreFoundation+0x82aec]  __CFRunLoopRun+0x491
C  [CoreFoundation+0x81ffe]  CFRunLoopRunSpecific+0x1ce
C  [java+0x650e]  CreateExecutionEnvironment+0x18f
C  [java+0x269b]  JLI_Launch+0x523
C  [java+0x158d]  main+0x16d
C  [libdyld.dylib+0x1acc9]  start+0x1


siginfo: si_signo: 11 (SIGSEGV), si_code: 1 (SEGV_MAPERR), si_addr: 0x0000000000000012

Register to memory mapping:

RAX=0x0 is NULL
RBX=
[error occurred during error reporting (printing register info), id 0xb, SIGSEGV (0xb) at pc=0x000000010e2f4b2c]

Registers:
RAX=0x0000000000000000, RBX=0x00007fce6056c5a0, RCX=0x00007ffee3090158, RDX=0x0000000000000000
RSP=0x00007ffee3090030, RBP=0x00007ffee3090030, RSI=0x00007fce62b126b0, RDI=0x00007fce62b126b0
R8 =0x00007ffee3090160, R9 =0x0000000000000000, R10=0x00007fce60500000, R11=0x00007fce6056f0e0
R12=0x0000000000000000, R13=0x00007ffee3090158, R14=0x00007fce62b126b0, R15=0x00007ffee3090150
RIP=0x00007fff31cdf924, EFLAGS=0x0000000000010202, ERR=0x0000000000000004
  TRAPNO=0x000000000000000e

Top of Stack: (sp=0x00007ffee3090030)
0x00007ffee3090030:   00007ffee3090070 00007fff31cdf84e
0x00007ffee3090040:   7f7fffff00000000 00007fce62b126b0
0x00007ffee3090050:   00007ffee3090160 00007ffee3090158
0x00007ffee3090060:   00007fce6056c5a0 00007ffee3090150
0x00007ffee3090070:   00007ffee30900b0 00007fff31cdf75b
0x00007ffee3090080:   00007fff8a906850 00007fce6056c5a0
0x00007ffee3090090:   00007ffee30900c8 00007fce60537a40
0x00007ffee30900a0:   00007fce62b126b0 0000000000000064
0x00007ffee30900b0:   00007ffee3090140 00007fff31cde247
0x00007ffee30900c0:   0000000000000006 0000000000000000
0x00007ffee30900d0:   00007ffe00000001 00007fff3311098a
0x00007ffee30900e0:   0000000000000006 0000000000000000
0x00007ffee30900f0:   00007fce62b0c290 47efffffe0000000
0x00007ffee3090100:   00007ffee3090160 00007ffee3090158
0x00007ffee3090110:   00007ffee3090150 0000000000000000
0x00007ffee3090120:   00007fce62943ad0 00000001305dc798
0x00007ffee3090130:   0000000000000000 00007ffee30901e0
0x00007ffee3090140:   00007ffee3090180 00007fff31cde106
0x00007ffee3090150:   00007fce62b0c290 00007fce62939540
0x00007ffee3090160:   00007fce62943ad0 00007fce60537a40
0x00007ffee3090170:   00007ffee3090198 0000000000000002
0x00007ffee3090180:   00007ffee3090210 00007fff31cdda51
0x00007ffee3090190:   0002000000000002 0000000100000000
0x00007ffee30901a0:   0000000000000064 0002010200000000
0x00007ffee30901b0:   0000000000010000 0000000000000000
0x00007ffee30901c0:   0000000000000000 00007fce604868c0
0x00007ffee30901d0:   00000001305dc798 0000000100000000
0x00007ffee30901e0:   0000000000000000 0000000000000002
0x00007ffee30901f0:   00007fce62939540 0000000000000000
0x00007ffee3090200:   0000000000000000 00007fce604868c0
0x00007ffee3090210:   00007ffee3090250 00007fff31cdd7de
0x00007ffee3090220:   00007ffee3090250 42b6000042380000 

Instructions: (pc=0x00007fff31cdf924)
0x00007fff31cdf904:   5d e9 a8 00 00 00 31 c0 48 83 c4 08 5b 41 5c 41
0x00007fff31cdf914:   5d 41 5e 41 5f 5d c3 90 55 48 89 e5 48 8b 47 08
0x00007fff31cdf924:   8b 40 12 5d c3 90 90 90 55 48 89 e5 41 56 53 41
0x00007fff31cdf934:   89 d6 0f 57 c9 0f 2e c1 75 02 7b 3a 48 89 f3 48 

Stack slot to memory mapping:
stack at sp + 0 slots: 
[error occurred during error reporting (inspecting top of stack), id 0xb, SIGSEGV (0xb) at pc=0x000000010e2f4b2c]


---------------  P R O C E S S  ---------------

VM state:not at safepoint (normal execution)

VM Mutex/Monitor currently owned by a thread: None

Heap address: 0x0000000780000000, size: 2048 MB, Compressed Oops mode: Zero based, Oop shift amount: 3
Narrow klass base: 0x0000000800000000, Narrow klass shift: 0
Compressed class space size: 1073741824 Address: 0x0000000800000000

Heap:
 garbage-first heap   total 131072K, used 11264K [0x0000000780000000, 0x0000000800000000)
  region size 1024K, 13 young (13312K), 0 survivors (0K)
 Metaspace       used 9774K, capacity 9961K, committed 10112K, reserved 1058816K
  class space    used 810K, capacity 849K, committed 896K, reserved 1048576K
Heap Regions: E=young(eden), S=young(survivor), O=old, HS=humongous(starts), HC=humongous(continues), CS=collection set, F=free, A=archive, TAMS=top-at-mark-start (previous, next)
|   0|0x0000000780000000, 0x0000000780000000, 0x0000000780100000|  0%| F|  |TAMS 0x0000000780000000, 0x0000000780000000| Untracked 
|   1|0x0000000780100000, 0x0000000780100000, 0x0000000780200000|  0%| F|  |TAMS 0x0000000780100000, 0x0000000780100000| Untracked 
|   2|0x0000000780200000, 0x0000000780200000, 0x0000000780300000|  0%| F|  |TAMS 0x0000000780200000, 0x0000000780200000| Untracked 
|   3|0x0000000780300000, 0x0000000780300000, 0x0000000780400000|  0%| F|  |TAMS 0x0000000780300000, 0x0000000780300000| Untracked 
|   4|0x0000000780400000, 0x0000000780400000, 0x0000000780500000|  0%| F|  |TAMS 0x0000000780400000, 0x0000000780400000| Untracked 
|   5|0x0000000780500000, 0x0000000780500000, 0x0000000780600000|  0%| F|  |TAMS 0x0000000780500000, 0x0000000780500000| Untracked 
|   6|0x0000000780600000, 0x0000000780600000, 0x0000000780700000|  0%| F|  |TAMS 0x0000000780600000, 0x0000000780600000| Untracked 
|   7|0x0000000780700000, 0x0000000780700000, 0x0000000780800000|  0%| F|  |TAMS 0x0000000780700000, 0x0000000780700000| Untracked 
|   8|0x0000000780800000, 0x0000000780800000, 0x0000000780900000|  0%| F|  |TAMS 0x0000000780800000, 0x0000000780800000| Untracked 
|   9|0x0000000780900000, 0x0000000780900000, 0x0000000780a00000|  0%| F|  |TAMS 0x0000000780900000, 0x0000000780900000| Untracked 
|  10|0x0000000780a00000, 0x0000000780a00000, 0x0000000780b00000|  0%| F|  |TAMS 0x0000000780a00000, 0x0000000780a00000| Untracked 
|  11|0x0000000780b00000, 0x0000000780b00000, 0x0000000780c00000|  0%| F|  |TAMS 0x0000000780b00000, 0x0000000780b00000| Untracked 
|  12|0x0000000780c00000, 0x0000000780c00000, 0x0000000780d00000|  0%| F|  |TAMS 0x0000000780c00000, 0x0000000780c00000| Untracked 
|  13|0x0000000780d00000, 0x0000000780d00000, 0x0000000780e00000|  0%| F|  |TAMS 0x0000000780d00000, 0x0000000780d00000| Untracked 
|  14|0x0000000780e00000, 0x0000000780e00000, 0x0000000780f00000|  0%| F|  |TAMS 0x0000000780e00000, 0x0000000780e00000| Untracked 
|  15|0x0000000780f00000, 0x0000000780f00000, 0x0000000781000000|  0%| F|  |TAMS 0x0000000780f00000, 0x0000000780f00000| Untracked 
|  16|0x0000000781000000, 0x0000000781000000, 0x0000000781100000|  0%| F|  |TAMS 0x0000000781000000, 0x0000000781000000| Untracked 
|  17|0x0000000781100000, 0x0000000781100000, 0x0000000781200000|  0%| F|  |TAMS 0x0000000781100000, 0x0000000781100000| Untracked 
|  18|0x0000000781200000, 0x0000000781200000, 0x0000000781300000|  0%| F|  |TAMS 0x0000000781200000, 0x0000000781200000| Untracked 
|  19|0x0000000781300000, 0x0000000781300000, 0x0000000781400000|  0%| F|  |TAMS 0x0000000781300000, 0x0000000781300000| Untracked 
|  20|0x0000000781400000, 0x0000000781400000, 0x0000000781500000|  0%| F|  |TAMS 0x0000000781400000, 0x0000000781400000| Untracked 
|  21|0x0000000781500000, 0x0000000781500000, 0x0000000781600000|  0%| F|  |TAMS 0x0000000781500000, 0x0000000781500000| Untracked 
|  22|0x0000000781600000, 0x0000000781600000, 0x0000000781700000|  0%| F|  |TAMS 0x0000000781600000, 0x0000000781600000| Untracked 
|  23|0x0000000781700000, 0x0000000781700000, 0x0000000781800000|  0%| F|  |TAMS 0x0000000781700000, 0x0000000781700000| Untracked 
|  24|0x0000000781800000, 0x0000000781800000, 0x0000000781900000|  0%| F|  |TAMS 0x0000000781800000, 0x0000000781800000| Untracked 
|  25|0x0000000781900000, 0x0000000781900000, 0x0000000781a00000|  0%| F|  |TAMS 0x0000000781900000, 0x0000000781900000| Untracked 
|  26|0x0000000781a00000, 0x0000000781a00000, 0x0000000781b00000|  0%| F|  |TAMS 0x0000000781a00000, 0x0000000781a00000| Untracked 
|  27|0x0000000781b00000, 0x0000000781b00000, 0x0000000781c00000|  0%| F|  |TAMS 0x0000000781b00000, 0x0000000781b00000| Untracked 
|  28|0x0000000781c00000, 0x0000000781c00000, 0x0000000781d00000|  0%| F|  |TAMS 0x0000000781c00000, 0x0000000781c00000| Untracked 
|  29|0x0000000781d00000, 0x0000000781d00000, 0x0000000781e00000|  0%| F|  |TAMS 0x0000000781d00000, 0x0000000781d00000| Untracked 
|  30|0x0000000781e00000, 0x0000000781e00000, 0x0000000781f00000|  0%| F|  |TAMS 0x0000000781e00000, 0x0000000781e00000| Untracked 
|  31|0x0000000781f00000, 0x0000000781f00000, 0x0000000782000000|  0%| F|  |TAMS 0x0000000781f00000, 0x0000000781f00000| Untracked 
|  32|0x0000000782000000, 0x0000000782000000, 0x0000000782100000|  0%| F|  |TAMS 0x0000000782000000, 0x0000000782000000| Untracked 
|  33|0x0000000782100000, 0x0000000782100000, 0x0000000782200000|  0%| F|  |TAMS 0x0000000782100000, 0x0000000782100000| Untracked 
|  34|0x0000000782200000, 0x0000000782200000, 0x0000000782300000|  0%| F|  |TAMS 0x0000000782200000, 0x0000000782200000| Untracked 
|  35|0x0000000782300000, 0x0000000782300000, 0x0000000782400000|  0%| F|  |TAMS 0x0000000782300000, 0x0000000782300000| Untracked 
|  36|0x0000000782400000, 0x0000000782400000, 0x0000000782500000|  0%| F|  |TAMS 0x0000000782400000, 0x0000000782400000| Untracked 
|  37|0x0000000782500000, 0x0000000782500000, 0x0000000782600000|  0%| F|  |TAMS 0x0000000782500000, 0x0000000782500000| Untracked 
|  38|0x0000000782600000, 0x0000000782600000, 0x0000000782700000|  0%| F|  |TAMS 0x0000000782600000, 0x0000000782600000| Untracked 
|  39|0x0000000782700000, 0x0000000782700000, 0x0000000782800000|  0%| F|  |TAMS 0x0000000782700000, 0x0000000782700000| Untracked 
|  40|0x0000000782800000, 0x0000000782800000, 0x0000000782900000|  0%| F|  |TAMS 0x0000000782800000, 0x0000000782800000| Untracked 
|  41|0x0000000782900000, 0x0000000782900000, 0x0000000782a00000|  0%| F|  |TAMS 0x0000000782900000, 0x0000000782900000| Untracked 
|  42|0x0000000782a00000, 0x0000000782a00000, 0x0000000782b00000|  0%| F|  |TAMS 0x0000000782a00000, 0x0000000782a00000| Untracked 
|  43|0x0000000782b00000, 0x0000000782b00000, 0x0000000782c00000|  0%| F|  |TAMS 0x0000000782b00000, 0x0000000782b00000| Untracked 
|  44|0x0000000782c00000, 0x0000000782c00000, 0x0000000782d00000|  0%| F|  |TAMS 0x0000000782c00000, 0x0000000782c00000| Untracked 
|  45|0x0000000782d00000, 0x0000000782d00000, 0x0000000782e00000|  0%| F|  |TAMS 0x0000000782d00000, 0x0000000782d00000| Untracked 
|  46|0x0000000782e00000, 0x0000000782e00000, 0x0000000782f00000|  0%| F|  |TAMS 0x0000000782e00000, 0x0000000782e00000| Untracked 
|  47|0x0000000782f00000, 0x0000000782f00000, 0x0000000783000000|  0%| F|  |TAMS 0x0000000782f00000, 0x0000000782f00000| Untracked 
|  48|0x0000000783000000, 0x0000000783000000, 0x0000000783100000|  0%| F|  |TAMS 0x0000000783000000, 0x0000000783000000| Untracked 
|  49|0x0000000783100000, 0x0000000783100000, 0x0000000783200000|  0%| F|  |TAMS 0x0000000783100000, 0x0000000783100000| Untracked 
|  50|0x0000000783200000, 0x0000000783200000, 0x0000000783300000|  0%| F|  |TAMS 0x0000000783200000, 0x0000000783200000| Untracked 
|  51|0x0000000783300000, 0x0000000783300000, 0x0000000783400000|  0%| F|  |TAMS 0x0000000783300000, 0x0000000783300000| Untracked 
|  52|0x0000000783400000, 0x0000000783400000, 0x0000000783500000|  0%| F|  |TAMS 0x0000000783400000, 0x0000000783400000| Untracked 
|  53|0x0000000783500000, 0x0000000783500000, 0x0000000783600000|  0%| F|  |TAMS 0x0000000783500000, 0x0000000783500000| Untracked 
|  54|0x0000000783600000, 0x0000000783600000, 0x0000000783700000|  0%| F|  |TAMS 0x0000000783600000, 0x0000000783600000| Untracked 
|  55|0x0000000783700000, 0x0000000783700000, 0x0000000783800000|  0%| F|  |TAMS 0x0000000783700000, 0x0000000783700000| Untracked 
|  56|0x0000000783800000, 0x0000000783800000, 0x0000000783900000|  0%| F|  |TAMS 0x0000000783800000, 0x0000000783800000| Untracked 
|  57|0x0000000783900000, 0x0000000783900000, 0x0000000783a00000|  0%| F|  |TAMS 0x0000000783900000, 0x0000000783900000| Untracked 
|  58|0x0000000783a00000, 0x0000000783a00000, 0x0000000783b00000|  0%| F|  |TAMS 0x0000000783a00000, 0x0000000783a00000| Untracked 
|  59|0x0000000783b00000, 0x0000000783b00000, 0x0000000783c00000|  0%| F|  |TAMS 0x0000000783b00000, 0x0000000783b00000| Untracked 
|  60|0x0000000783c00000, 0x0000000783c00000, 0x0000000783d00000|  0%| F|  |TAMS 0x0000000783c00000, 0x0000000783c00000| Untracked 
|  61|0x0000000783d00000, 0x0000000783d00000, 0x0000000783e00000|  0%| F|  |TAMS 0x0000000783d00000, 0x0000000783d00000| Untracked 
|  62|0x0000000783e00000, 0x0000000783e00000, 0x0000000783f00000|  0%| F|  |TAMS 0x0000000783e00000, 0x0000000783e00000| Untracked 
|  63|0x0000000783f00000, 0x0000000783f00000, 0x0000000784000000|  0%| F|  |TAMS 0x0000000783f00000, 0x0000000783f00000| Untracked 
|  64|0x0000000784000000, 0x0000000784000000, 0x0000000784100000|  0%| F|  |TAMS 0x0000000784000000, 0x0000000784000000| Untracked 
|  65|0x0000000784100000, 0x0000000784100000, 0x0000000784200000|  0%| F|  |TAMS 0x0000000784100000, 0x0000000784100000| Untracked 
|  66|0x0000000784200000, 0x0000000784200000, 0x0000000784300000|  0%| F|  |TAMS 0x0000000784200000, 0x0000000784200000| Untracked 
|  67|0x0000000784300000, 0x0000000784300000, 0x0000000784400000|  0%| F|  |TAMS 0x0000000784300000, 0x0000000784300000| Untracked 
|  68|0x0000000784400000, 0x0000000784400000, 0x0000000784500000|  0%| F|  |TAMS 0x0000000784400000, 0x0000000784400000| Untracked 
|  69|0x0000000784500000, 0x0000000784500000, 0x0000000784600000|  0%| F|  |TAMS 0x0000000784500000, 0x0000000784500000| Untracked 
|  70|0x0000000784600000, 0x0000000784600000, 0x0000000784700000|  0%| F|  |TAMS 0x0000000784600000, 0x0000000784600000| Untracked 
|  71|0x0000000784700000, 0x0000000784700000, 0x0000000784800000|  0%| F|  |TAMS 0x0000000784700000, 0x0000000784700000| Untracked 
|  72|0x0000000784800000, 0x0000000784800000, 0x0000000784900000|  0%| F|  |TAMS 0x0000000784800000, 0x0000000784800000| Untracked 
|  73|0x0000000784900000, 0x0000000784900000, 0x0000000784a00000|  0%| F|  |TAMS 0x0000000784900000, 0x0000000784900000| Untracked 
|  74|0x0000000784a00000, 0x0000000784a00000, 0x0000000784b00000|  0%| F|  |TAMS 0x0000000784a00000, 0x0000000784a00000| Untracked 
|  75|0x0000000784b00000, 0x0000000784b00000, 0x0000000784c00000|  0%| F|  |TAMS 0x0000000784b00000, 0x0000000784b00000| Untracked 
|  76|0x0000000784c00000, 0x0000000784c00000, 0x0000000784d00000|  0%| F|  |TAMS 0x0000000784c00000, 0x0000000784c00000| Untracked 
|  77|0x0000000784d00000, 0x0000000784d00000, 0x0000000784e00000|  0%| F|  |TAMS 0x0000000784d00000, 0x0000000784d00000| Untracked 
|  78|0x0000000784e00000, 0x0000000784e00000, 0x0000000784f00000|  0%| F|  |TAMS 0x0000000784e00000, 0x0000000784e00000| Untracked 
|  79|0x0000000784f00000, 0x0000000784f00000, 0x0000000785000000|  0%| F|  |TAMS 0x0000000784f00000, 0x0000000784f00000| Untracked 
|  80|0x0000000785000000, 0x0000000785000000, 0x0000000785100000|  0%| F|  |TAMS 0x0000000785000000, 0x0000000785000000| Untracked 
|  81|0x0000000785100000, 0x0000000785100000, 0x0000000785200000|  0%| F|  |TAMS 0x0000000785100000, 0x0000000785100000| Untracked 
|  82|0x0000000785200000, 0x0000000785200000, 0x0000000785300000|  0%| F|  |TAMS 0x0000000785200000, 0x0000000785200000| Untracked 
|  83|0x0000000785300000, 0x0000000785300000, 0x0000000785400000|  0%| F|  |TAMS 0x0000000785300000, 0x0000000785300000| Untracked 
|  84|0x0000000785400000, 0x0000000785400000, 0x0000000785500000|  0%| F|  |TAMS 0x0000000785400000, 0x0000000785400000| Untracked 
|  85|0x0000000785500000, 0x0000000785500000, 0x0000000785600000|  0%| F|  |TAMS 0x0000000785500000, 0x0000000785500000| Untracked 
|  86|0x0000000785600000, 0x0000000785600000, 0x0000000785700000|  0%| F|  |TAMS 0x0000000785600000, 0x0000000785600000| Untracked 
|  87|0x0000000785700000, 0x0000000785700000, 0x0000000785800000|  0%| F|  |TAMS 0x0000000785700000, 0x0000000785700000| Untracked 
|  88|0x0000000785800000, 0x0000000785800000, 0x0000000785900000|  0%| F|  |TAMS 0x0000000785800000, 0x0000000785800000| Untracked 
|  89|0x0000000785900000, 0x0000000785900000, 0x0000000785a00000|  0%| F|  |TAMS 0x0000000785900000, 0x0000000785900000| Untracked 
|  90|0x0000000785a00000, 0x0000000785a00000, 0x0000000785b00000|  0%| F|  |TAMS 0x0000000785a00000, 0x0000000785a00000| Untracked 
|  91|0x0000000785b00000, 0x0000000785b00000, 0x0000000785c00000|  0%| F|  |TAMS 0x0000000785b00000, 0x0000000785b00000| Untracked 
|  92|0x0000000785c00000, 0x0000000785c00000, 0x0000000785d00000|  0%| F|  |TAMS 0x0000000785c00000, 0x0000000785c00000| Untracked 
|  93|0x0000000785d00000, 0x0000000785d00000, 0x0000000785e00000|  0%| F|  |TAMS 0x0000000785d00000, 0x0000000785d00000| Untracked 
|  94|0x0000000785e00000, 0x0000000785e00000, 0x0000000785f00000|  0%| F|  |TAMS 0x0000000785e00000, 0x0000000785e00000| Untracked 
|  95|0x0000000785f00000, 0x0000000785f00000, 0x0000000786000000|  0%| F|  |TAMS 0x0000000785f00000, 0x0000000785f00000| Untracked 
|  96|0x0000000786000000, 0x0000000786000000, 0x0000000786100000|  0%| F|  |TAMS 0x0000000786000000, 0x0000000786000000| Untracked 
|  97|0x0000000786100000, 0x0000000786100000, 0x0000000786200000|  0%| F|  |TAMS 0x0000000786100000, 0x0000000786100000| Untracked 
|  98|0x0000000786200000, 0x0000000786200000, 0x0000000786300000|  0%| F|  |TAMS 0x0000000786200000, 0x0000000786200000| Untracked 
|  99|0x0000000786300000, 0x0000000786300000, 0x0000000786400000|  0%| F|  |TAMS 0x0000000786300000, 0x0000000786300000| Untracked 
| 100|0x0000000786400000, 0x0000000786400000, 0x0000000786500000|  0%| F|  |TAMS 0x0000000786400000, 0x0000000786400000| Untracked 
| 101|0x0000000786500000, 0x0000000786500000, 0x0000000786600000|  0%| F|  |TAMS 0x0000000786500000, 0x0000000786500000| Untracked 
| 102|0x0000000786600000, 0x0000000786600000, 0x0000000786700000|  0%| F|  |TAMS 0x0000000786600000, 0x0000000786600000| Untracked 
| 103|0x0000000786700000, 0x0000000786700000, 0x0000000786800000|  0%| F|  |TAMS 0x0000000786700000, 0x0000000786700000| Untracked 
| 104|0x0000000786800000, 0x0000000786800000, 0x0000000786900000|  0%| F|  |TAMS 0x0000000786800000, 0x0000000786800000| Untracked 
| 105|0x0000000786900000, 0x0000000786900000, 0x0000000786a00000|  0%| F|  |TAMS 0x0000000786900000, 0x0000000786900000| Untracked 
| 106|0x0000000786a00000, 0x0000000786a00000, 0x0000000786b00000|  0%| F|  |TAMS 0x0000000786a00000, 0x0000000786a00000| Untracked 
| 107|0x0000000786b00000, 0x0000000786b00000, 0x0000000786c00000|  0%| F|  |TAMS 0x0000000786b00000, 0x0000000786b00000| Untracked 
| 108|0x0000000786c00000, 0x0000000786c00000, 0x0000000786d00000|  0%| F|  |TAMS 0x0000000786c00000, 0x0000000786c00000| Untracked 
| 109|0x0000000786d00000, 0x0000000786d00000, 0x0000000786e00000|  0%| F|  |TAMS 0x0000000786d00000, 0x0000000786d00000| Untracked 
| 110|0x0000000786e00000, 0x0000000786e00000, 0x0000000786f00000|  0%| F|  |TAMS 0x0000000786e00000, 0x0000000786e00000| Untracked 
| 111|0x0000000786f00000, 0x0000000786f00000, 0x0000000787000000|  0%| F|  |TAMS 0x0000000786f00000, 0x0000000786f00000| Untracked 
| 112|0x0000000787000000, 0x0000000787000000, 0x0000000787100000|  0%| F|  |TAMS 0x0000000787000000, 0x0000000787000000| Untracked 
| 113|0x0000000787100000, 0x0000000787100000, 0x0000000787200000|  0%| F|  |TAMS 0x0000000787100000, 0x0000000787100000| Untracked 
| 114|0x0000000787200000, 0x0000000787200000, 0x0000000787300000|  0%| F|  |TAMS 0x0000000787200000, 0x0000000787200000| Untracked 
| 115|0x0000000787300000, 0x0000000787400000, 0x0000000787400000|100%| E|  |TAMS 0x0000000787300000, 0x0000000787300000| Complete 
| 116|0x0000000787400000, 0x0000000787500000, 0x0000000787500000|100%| E|CS|TAMS 0x0000000787400000, 0x0000000787400000| Complete 
| 117|0x0000000787500000, 0x0000000787600000, 0x0000000787600000|100%| E|CS|TAMS 0x0000000787500000, 0x0000000787500000| Complete 
| 118|0x0000000787600000, 0x0000000787700000, 0x0000000787700000|100%| E|CS|TAMS 0x0000000787600000, 0x0000000787600000| Complete 
| 119|0x0000000787700000, 0x0000000787800000, 0x0000000787800000|100%| E|  |TAMS 0x0000000787700000, 0x0000000787700000| Complete 
| 120|0x0000000787800000, 0x0000000787900000, 0x0000000787900000|100%| E|CS|TAMS 0x0000000787800000, 0x0000000787800000| Complete 
| 121|0x0000000787900000, 0x0000000787a00000, 0x0000000787a00000|100%| E|CS|TAMS 0x0000000787900000, 0x0000000787900000| Complete 
| 122|0x0000000787a00000, 0x0000000787b00000, 0x0000000787b00000|100%| E|CS|TAMS 0x0000000787a00000, 0x0000000787a00000| Complete 
| 123|0x0000000787b00000, 0x0000000787c00000, 0x0000000787c00000|100%| E|CS|TAMS 0x0000000787b00000, 0x0000000787b00000| Complete 
| 124|0x0000000787c00000, 0x0000000787d00000, 0x0000000787d00000|100%| E|CS|TAMS 0x0000000787c00000, 0x0000000787c00000| Complete 
| 125|0x0000000787d00000, 0x0000000787e00000, 0x0000000787e00000|100%| E|CS|TAMS 0x0000000787d00000, 0x0000000787d00000| Complete 
| 126|0x0000000787e00000, 0x0000000787f00000, 0x0000000787f00000|100%| E|CS|TAMS 0x0000000787e00000, 0x0000000787e00000| Complete 
| 127|0x0000000787f00000, 0x0000000788000000, 0x0000000788000000|100%| E|CS|TAMS 0x0000000787f00000, 0x0000000787f00000| Complete 

Card table byte_map: [0x0000000126ca7000,0x00000001270a7000] _byte_map_base: 0x00000001230a7000

Marking Bits (Prev, Next): (CMBitMap*) 0x00007fce61021818, (CMBitMap*) 0x00007fce61021850
 Prev Bits: [0x00000001274a7000, 0x00000001294a7000)
 Next Bits: [0x00000001294a7000, 0x000000012b4a7000)

Polling page: 0x000000010cbee000

Metaspace:

Usage:
  Non-class:      8.90 MB capacity,     8.75 MB ( 98%) used,   135.66 KB (  1%) free+waste,    12.44 KB ( <1%) overhead. 
      Class:    849.00 KB capacity,   810.70 KB ( 95%) used,    32.93 KB (  4%) free+waste,     5.38 KB ( <1%) overhead. 
       Both:      9.73 MB capacity,     9.55 MB ( 98%) used,   168.59 KB (  2%) free+waste,    17.81 KB ( <1%) overhead. 

Virtual space:
  Non-class space:       10.00 MB reserved,       9.00 MB ( 90%) committed 
      Class space:        1.00 GB reserved,     896.00 KB ( <1%) committed 
             Both:        1.01 GB reserved,       9.88 MB ( <1%) committed 

Chunk freelists:
   Non-Class:  10.00 KB
       Class:  1.88 KB
        Both:  11.88 KB

CodeHeap 'non-profiled nmethods': size=120032Kb used=198Kb max_used=198Kb free=119833Kb
 bounds [0x000000011f36f000, 0x000000011f5df000, 0x00000001268a7000]
CodeHeap 'profiled nmethods': size=120028Kb used=1045Kb max_used=1045Kb free=118982Kb
 bounds [0x0000000117e38000, 0x00000001180a8000, 0x000000011f36f000]
CodeHeap 'non-nmethods': size=5700Kb used=1391Kb max_used=1404Kb free=4308Kb
 bounds [0x00000001178a7000, 0x0000000117b17000, 0x0000000117e38000]
 total_blobs=1679 nmethods=644 adapters=787
 compilation: enabled
              stopped_count=0, restarted_count=0
 full_count=0

Compilation events (10 events):
Event: 0.417 Thread 0x00007fce63020000  636       3       java.nio.DirectByteBuffer::<init> (35 bytes)
Event: 0.417 Thread 0x00007fce63020000 nmethod 636 0x0000000117f3c010 code [0x0000000117f3c200, 0x0000000117f3c658]
Event: 0.417 Thread 0x00007fce63020000  637   !   3       jdk.internal.jimage.BasicImageReader::slice (32 bytes)
Event: 0.418 Thread 0x00007fce63020000 nmethod 637 0x0000000117f3c810 code [0x0000000117f3ca00, 0x0000000117f3cf68]
Event: 0.418 Thread 0x00007fce63020000  633       3       java.util.WeakHashMap::indexFor (6 bytes)
Event: 0.418 Thread 0x00007fce63020000 nmethod 633 0x0000000117f3d110 code [0x0000000117f3d2c0, 0x0000000117f3d3f0]
Event: 0.418 Thread 0x00007fce63020000  639       1       java.util.Formatter$Flags::valueOf (5 bytes)
Event: 0.418 Thread 0x00007fce63020000 nmethod 639 0x000000011f3a0490 code [0x000000011f3a0640, 0x000000011f3a0750]
Event: 0.418 Thread 0x00007fce63020000  644       1       java.nio.HeapByteBuffer::isDirect (2 bytes)
Event: 0.418 Thread 0x00007fce63020000 nmethod 644 0x000000011f3a0790 code [0x000000011f3a0940, 0x000000011f3a0a50]

GC Heap History (0 events):
No events

Deoptimization events (3 events):
Event: 0.161 Thread 0x00007fce6200d000 Uncommon trap: reason=unstable_if action=reinterpret pc=0x000000011f37ca78 method=java.lang.CharacterDataLatin1.isJavaIdentifierPart(I)Z @ 11 c2
Event: 0.256 Thread 0x00007fce6200d000 Uncommon trap: reason=unstable_if action=reinterpret pc=0x000000011f38e10c method=java.lang.String.startsWith(Ljava/lang/String;I)Z @ 14 c2
Event: 0.289 Thread 0x00007fce6200d000 Uncommon trap: reason=unstable_if action=reinterpret pc=0x000000011f370c94 method=java.lang.String.isLatin1()Z @ 10 c2

Classes redefined (0 events):
No events

Internal exceptions (10 events):
Event: 0.296 Thread 0x00007fce6200d000 Exception <a 'java/security/PrivilegedActionException'{0x00000007875cbae0}> (0x00000007875cbae0) thrown at [/scratch/mesos/slaves/d65fa3d4-10de-46aa-a2db-52cc9981537a-S382/frameworks/1735e8a2-a1db-478c-8104-60c8b0af87dd-0196/executors/e9a9c702-ca07-4cb0-b
Event: 0.296 Thread 0x00007fce6200d000 Exception <a 'java/security/PrivilegedActionException'{0x00000007875cbdb0}> (0x00000007875cbdb0) thrown at [/scratch/mesos/slaves/d65fa3d4-10de-46aa-a2db-52cc9981537a-S382/frameworks/1735e8a2-a1db-478c-8104-60c8b0af87dd-0196/executors/e9a9c702-ca07-4cb0-b
Event: 0.297 Thread 0x00007fce6200d000 Exception <a 'java/security/PrivilegedActionException'{0x00000007875cd9f0}> (0x00000007875cd9f0) thrown at [/scratch/mesos/slaves/d65fa3d4-10de-46aa-a2db-52cc9981537a-S382/frameworks/1735e8a2-a1db-478c-8104-60c8b0af87dd-0196/executors/e9a9c702-ca07-4cb0-b
Event: 0.297 Thread 0x00007fce6200d000 Exception <a 'java/security/PrivilegedActionException'{0x00000007875cdcc0}> (0x00000007875cdcc0) thrown at [/scratch/mesos/slaves/d65fa3d4-10de-46aa-a2db-52cc9981537a-S382/frameworks/1735e8a2-a1db-478c-8104-60c8b0af87dd-0196/executors/e9a9c702-ca07-4cb0-b
Event: 0.297 Thread 0x00007fce6200d000 Exception <a 'java/security/PrivilegedActionException'{0x00000007875cf900}> (0x00000007875cf900) thrown at [/scratch/mesos/slaves/d65fa3d4-10de-46aa-a2db-52cc9981537a-S382/frameworks/1735e8a2-a1db-478c-8104-60c8b0af87dd-0196/executors/e9a9c702-ca07-4cb0-b
Event: 0.297 Thread 0x00007fce6200d000 Exception <a 'java/security/PrivilegedActionException'{0x00000007875cfbd0}> (0x00000007875cfbd0) thrown at [/scratch/mesos/slaves/d65fa3d4-10de-46aa-a2db-52cc9981537a-S382/frameworks/1735e8a2-a1db-478c-8104-60c8b0af87dd-0196/executors/e9a9c702-ca07-4cb0-b
Event: 0.297 Thread 0x00007fce6200d000 Exception <a 'java/security/PrivilegedActionException'{0x00000007875d17e0}> (0x00000007875d17e0) thrown at [/scratch/mesos/slaves/d65fa3d4-10de-46aa-a2db-52cc9981537a-S382/frameworks/1735e8a2-a1db-478c-8104-60c8b0af87dd-0196/executors/e9a9c702-ca07-4cb0-b
Event: 0.297 Thread 0x00007fce6200d000 Exception <a 'java/security/PrivilegedActionException'{0x00000007875d1ab0}> (0x00000007875d1ab0) thrown at [/scratch/mesos/slaves/d65fa3d4-10de-46aa-a2db-52cc9981537a-S382/frameworks/1735e8a2-a1db-478c-8104-60c8b0af87dd-0196/executors/e9a9c702-ca07-4cb0-b
Event: 0.307 Thread 0x00007fce6200d000 Exception <a 'sun/nio/fs/UnixException'{0x00000007874b3368}> (0x00000007874b3368) thrown at [/scratch/mesos/slaves/d65fa3d4-10de-46aa-a2db-52cc9981537a-S382/frameworks/1735e8a2-a1db-478c-8104-60c8b0af87dd-0196/executors/e9a9c702-ca07-4cb0-bf68-f4da1564ad7
Event: 0.402 Thread 0x00007fce6200d000 Exception <a 'sun/nio/fs/UnixException'{0x0000000787378508}> (0x0000000787378508) thrown at [/scratch/mesos/slaves/d65fa3d4-10de-46aa-a2db-52cc9981537a-S382/frameworks/1735e8a2-a1db-478c-8104-60c8b0af87dd-0196/executors/e9a9c702-ca07-4cb0-bf68-f4da1564ad7

Events (10 events):
Event: 0.400 loading class org/lwjgl/glfw/EventLoop
Event: 0.400 loading class org/lwjgl/glfw/EventLoop done
Event: 0.400 loading class org/lwjgl/system/macosx/ObjCRuntime
Event: 0.400 loading class org/lwjgl/system/macosx/ObjCRuntime done
Event: 0.403 loading class org/lwjgl/system/dyncall/DynLoad
Event: 0.403 loading class org/lwjgl/system/dyncall/DynLoad done
Event: 0.408 loading class org/lwjgl/system/macosx/ObjCRuntime$Functions
Event: 0.408 loading class org/lwjgl/system/macosx/ObjCRuntime$Functions done
Event: 0.409 loading class org/lwjgl/system/macosx/CoreFoundation
Event: 0.409 loading class org/lwjgl/system/macosx/CoreFoundation done


Dynamic libraries:
0x00007fff32197000 	/System/Library/Frameworks/Cocoa.framework/Versions/A/Cocoa
0x00007fff3f974000 	/System/Library/Frameworks/Security.framework/Versions/A/Security
0x00007fff31101000 	/System/Library/Frameworks/ApplicationServices.framework/Versions/A/ApplicationServices
0x00007fff6c51f000 	/usr/lib/libz.1.dylib
0x00007fff69fe3000 	/usr/lib/libSystem.B.dylib
0x00007fff33032000 	/System/Library/Frameworks/CoreFoundation.framework/Versions/A/CoreFoundation
0x00007fff356e8000 	/System/Library/Frameworks/Foundation.framework/Versions/C/Foundation
0x00007fff6be43000 	/usr/lib/libobjc.A.dylib
0x00007fff302f2000 	/System/Library/Frameworks/AppKit.framework/Versions/C/AppKit
0x00007fff32b1b000 	/System/Library/Frameworks/CoreData.framework/Versions/A/CoreData
0x00007fff64004000 	/System/Library/PrivateFrameworks/UIFoundation.framework/Versions/A/UIFoundation
0x00007fff5f0b2000 	/System/Library/PrivateFrameworks/RemoteViewServices.framework/Versions/A/RemoteViewServices
0x00007fff66b58000 	/System/Library/PrivateFrameworks/XCTTargetBootstrap.framework/Versions/A/XCTTargetBootstrap
0x00007fff32f06000 	/System/Library/Frameworks/CoreDisplay.framework/Versions/A/CoreDisplay
0x00007fff385a1000 	/System/Library/Frameworks/Metal.framework/Versions/A/Metal
0x00007fff4d10b000 	/System/Library/PrivateFrameworks/DesktopServicesPriv.framework/Versions/A/DesktopServicesPriv
0x00007fff6b120000 	/usr/lib/liblangid.dylib
0x00007fff4c3a4000 	/System/Library/PrivateFrameworks/CoreSVG.framework/Versions/A/CoreSVG
0x00007fff62208000 	/System/Library/PrivateFrameworks/SkyLight.framework/Versions/A/SkyLight
0x00007fff334b3000 	/System/Library/Frameworks/CoreGraphics.framework/Versions/A/CoreGraphics
0x00007fff2ecc6000 	/System/Library/Frameworks/Accelerate.framework/Versions/A/Accelerate
0x00007fff6c410000 	/usr/lib/libxml2.2.dylib
0x00007fff58064000 	/System/Library/PrivateFrameworks/IconServices.framework/Versions/A/IconServices
0x00007fff35ec7000 	/System/Library/Frameworks/IOSurface.framework/Versions/A/IOSurface
0x00007fff69b0d000 	/usr/lib/libDiagnosticMessagesClient.dylib
0x00007fff4cf65000 	/System/Library/PrivateFrameworks/DFRFoundation.framework/Versions/A/DFRFoundation
0x00007fff6aeaf000 	/usr/lib/libicucore.A.dylib
0x00007fff31433000 	/System/Library/Frameworks/AudioToolbox.framework/Versions/A/AudioToolbox
0x00007fff31516000 	/System/Library/Frameworks/AudioUnit.framework/Versions/A/AudioUnit
0x00007fff6a1e5000 	/usr/lib/libauto.dylib
0x00007fff4d007000 	/System/Library/PrivateFrameworks/DataDetectorsCore.framework/Versions/A/DataDetectorsCore
0x00007fff31cb8000 	/System/Library/Frameworks/Carbon.framework/Versions/A/Frameworks/HIToolbox.framework/Versions/A/HIToolbox
0x00007fff3eb71000 	/System/Library/Frameworks/QuartzCore.framework/Versions/A/QuartzCore
0x00007fff31ff7000 	/System/Library/Frameworks/Carbon.framework/Versions/A/Frameworks/SpeechRecognition.framework/Versions/A/SpeechRecognition
0x00007fff4ca7c000 	/System/Library/PrivateFrameworks/CoreUI.framework/Versions/A/CoreUI
0x00007fff32586000 	/System/Library/Frameworks/CoreAudio.framework/Versions/A/CoreAudio
0x00007fff353ad000 	/System/Library/Frameworks/DiskArbitration.framework/Versions/A/DiskArbitration
0x00007fff5a0b1000 	/System/Library/PrivateFrameworks/MultitouchSupport.framework/Versions/A/MultitouchSupport
0x00007fff6ad76000 	/usr/lib/libenergytrace.dylib
0x00007fff35e21000 	/System/Library/Frameworks/IOKit.framework/Versions/A/IOKit
0x00007fff3441a000 	/System/Library/Frameworks/CoreServices.framework/Versions/A/CoreServices
0x00007fff5c248000 	/System/Library/PrivateFrameworks/PerformanceAnalysis.framework/Versions/A/PerformanceAnalysis
0x00007fff3dba4000 	/System/Library/Frameworks/OpenGL.framework/Versions/A/OpenGL
0x00007fff321a5000 	/System/Library/Frameworks/ColorSync.framework/Versions/A/ColorSync
0x00007fff33b35000 	/System/Library/Frameworks/CoreImage.framework/Versions/A/CoreImage
0x00007fff34e8c000 	/System/Library/Frameworks/CoreText.framework/Versions/A/CoreText
0x00007fff35f57000 	/System/Library/Frameworks/ImageIO.framework/Versions/A/ImageIO
0x00007fff6a2c9000 	/usr/lib/libc++.1.dylib
0x00007fff6a345000 	/usr/lib/libcompression.dylib
0x00007fff69e51000 	/usr/lib/libMobileGestalt.dylib
0x00007fff63d7d000 	/System/Library/PrivateFrameworks/TextureIO.framework/Versions/A/TextureIO
0x00007fff6a148000 	/usr/lib/libate.dylib
0x00007fff5826d000 	/System/Library/PrivateFrameworks/InternationalSupport.framework/Versions/A/InternationalSupport
0x00007fff6cddf000 	/usr/lib/system/libcache.dylib
0x00007fff6cde5000 	/usr/lib/system/libcommonCrypto.dylib
0x00007fff6cdf1000 	/usr/lib/system/libcompiler_rt.dylib
0x00007fff6cdf9000 	/usr/lib/system/libcopyfile.dylib
0x00007fff6ce03000 	/usr/lib/system/libcorecrypto.dylib
0x00007fff6cfa2000 	/usr/lib/system/libdispatch.dylib
0x00007fff6cfe3000 	/usr/lib/system/libdyld.dylib
0x00007fff6d01a000 	/usr/lib/system/libkeymgr.dylib
0x00007fff6d028000 	/usr/lib/system/liblaunch.dylib
0x00007fff6d029000 	/usr/lib/system/libmacho.dylib
0x00007fff6d02f000 	/usr/lib/system/libquarantine.dylib
0x00007fff6d032000 	/usr/lib/system/libremovefile.dylib
0x00007fff6d034000 	/usr/lib/system/libsystem_asl.dylib
0x00007fff6d04c000 	/usr/lib/system/libsystem_blocks.dylib
0x00007fff6d04d000 	/usr/lib/system/libsystem_c.dylib
0x00007fff6d0d5000 	/usr/lib/system/libsystem_configuration.dylib
0x00007fff6d0d9000 	/usr/lib/system/libsystem_coreservices.dylib
0x00007fff6d0dd000 	/usr/lib/system/libsystem_darwin.dylib
0x00007fff6d0e6000 	/usr/lib/system/libsystem_dnssd.dylib
0x00007fff6d0ee000 	/usr/lib/system/libsystem_featureflags.dylib
0x00007fff6d0f0000 	/usr/lib/system/libsystem_info.dylib
0x00007fff6d16b000 	/usr/lib/system/libsystem_m.dylib
0x00007fff6d1b3000 	/usr/lib/system/libsystem_malloc.dylib
0x00007fff6d1db000 	/usr/lib/system/libsystem_networkextension.dylib
0x00007fff6d1e9000 	/usr/lib/system/libsystem_notify.dylib
0x00007fff6d207000 	/usr/lib/system/libsystem_sandbox.dylib
0x00007fff6d20c000 	/usr/lib/system/libsystem_secinit.dylib
0x00007fff6d13e000 	/usr/lib/system/libsystem_kernel.dylib
0x00007fff6d1f3000 	/usr/lib/system/libsystem_platform.dylib
0x00007fff6d1fc000 	/usr/lib/system/libsystem_pthread.dylib
0x00007fff6d20f000 	/usr/lib/system/libsystem_symptoms.dylib
0x00007fff6d217000 	/usr/lib/system/libsystem_trace.dylib
0x00007fff6d22f000 	/usr/lib/system/libunwind.dylib
0x00007fff6d235000 	/usr/lib/system/libxpc.dylib
0x00007fff6a31c000 	/usr/lib/libc++abi.dylib
0x00007fff6b122000 	/usr/lib/liblzma.5.dylib
0x00007fff6ad9d000 	/usr/lib/libfakelink.dylib
0x00007fff6a0d5000 	/usr/lib/libarchive.2.dylib
0x00007fff40a24000 	/System/Library/Frameworks/SystemConfiguration.framework/Versions/A/SystemConfiguration
0x00007fff69a40000 	/usr/lib/libCRFSuite.dylib
0x00007fff318a9000 	/System/Library/Frameworks/CFNetwork.framework/Versions/A/CFNetwork
0x00007fff6a2ab000 	/usr/lib/libbsm.0.dylib
0x00007fff6d01b000 	/usr/lib/system/libkxld.dylib
0x00007fff4693a000 	/System/Library/PrivateFrameworks/AppleFSCompression.framework/Versions/A/AppleFSCompression
0x00007fff6a636000 	/usr/lib/libcoretls.dylib
0x00007fff6a64d000 	/usr/lib/libcoretls_cfhelpers.dylib
0x00007fff6be89000 	/usr/lib/libpam.2.dylib
0x00007fff6bfbe000 	/usr/lib/libsqlite3.dylib
0x00007fff6c3fd000 	/usr/lib/libxar.1.dylib
0x00007fff6a2bc000 	/usr/lib/libbz2.1.0.dylib
0x00007fff6adbe000 	/usr/lib/libiconv.2.dylib
0x00007fff6a332000 	/usr/lib/libcharset.1.dylib
0x00007fff6b928000 	/usr/lib/libnetwork.dylib
0x00007fff6be90000 	/usr/lib/libpcap.A.dylib
0x00007fff6a08a000 	/usr/lib/libapple_nghttp2.dylib
0x00007fff347d1000 	/System/Library/Frameworks/CoreServices.framework/Versions/A/Frameworks/FSEvents.framework/Versions/A/FSEvents
0x00007fff344a1000 	/System/Library/Frameworks/CoreServices.framework/Versions/A/Frameworks/CarbonCore.framework/Versions/A/CarbonCore
0x00007fff34a14000 	/System/Library/Frameworks/CoreServices.framework/Versions/A/Frameworks/Metadata.framework/Versions/A/Metadata
0x00007fff34aad000 	/System/Library/Frameworks/CoreServices.framework/Versions/A/Frameworks/OSServices.framework/Versions/A/OSServices
0x00007fff34adb000 	/System/Library/Frameworks/CoreServices.framework/Versions/A/Frameworks/SearchKit.framework/Versions/A/SearchKit
0x00007fff3441b000 	/System/Library/Frameworks/CoreServices.framework/Versions/A/Frameworks/AE.framework/Versions/A/AE
0x00007fff347da000 	/System/Library/Frameworks/CoreServices.framework/Versions/A/Frameworks/LaunchServices.framework/Versions/A/LaunchServices
0x00007fff34783000 	/System/Library/Frameworks/CoreServices.framework/Versions/A/Frameworks/DictionaryServices.framework/Versions/A/DictionaryServices
0x00007fff34b43000 	/System/Library/Frameworks/CoreServices.framework/Versions/A/Frameworks/SharedFileList.framework/Versions/A/SharedFileList
0x00007fff399c4000 	/System/Library/Frameworks/NetFS.framework/Versions/A/NetFS
0x00007fff5a5e0000 	/System/Library/PrivateFrameworks/NetAuth.framework/Versions/A/NetAuth
0x00007fff66f25000 	/System/Library/PrivateFrameworks/login.framework/Versions/A/Frameworks/loginsupport.framework/Versions/A/loginsupport
0x00007fff6384a000 	/System/Library/PrivateFrameworks/TCC.framework/Versions/A/TCC
0x00007fff4b517000 	/System/Library/PrivateFrameworks/CoreNLP.framework/Versions/A/CoreNLP
0x00007fff59adf000 	/System/Library/PrivateFrameworks/MetadataUtilities.framework/Versions/A/MetadataUtilities
0x00007fff6b1fa000 	/usr/lib/libmecabra.dylib
0x00007fff6b152000 	/usr/lib/libmecab.dylib
0x00007fff6adae000 	/usr/lib/libgermantok.dylib
0x00007fff6a071000 	/usr/lib/libThaiTokenizer.dylib
0x00007fff69a77000 	/usr/lib/libChineseTokenizer.dylib
0x00007fff2ecde000 	/System/Library/Frameworks/Accelerate.framework/Versions/A/Frameworks/vImage.framework/Versions/A/vImage
0x00007fff30148000 	/System/Library/Frameworks/Accelerate.framework/Versions/A/Frameworks/vecLib.framework/Versions/A/vecLib
0x00007fff30085000 	/System/Library/Frameworks/Accelerate.framework/Versions/A/Frameworks/vecLib.framework/Versions/A/libvMisc.dylib
0x00007fff2fead000 	/System/Library/Frameworks/Accelerate.framework/Versions/A/Frameworks/vecLib.framework/Versions/A/libvDSP.dylib
0x00007fff2f335000 	/System/Library/Frameworks/Accelerate.framework/Versions/A/Frameworks/vecLib.framework/Versions/A/libBLAS.dylib
0x00007fff2fa71000 	/System/Library/Frameworks/Accelerate.framework/Versions/A/Frameworks/vecLib.framework/Versions/A/libLAPACK.dylib
0x00007fff2fe0d000 	/System/Library/Frameworks/Accelerate.framework/Versions/A/Frameworks/vecLib.framework/Versions/A/libLinearAlgebra.dylib
0x00007fff2fe9a000 	/System/Library/Frameworks/Accelerate.framework/Versions/A/Frameworks/vecLib.framework/Versions/A/libSparseBLAS.dylib
0x00007fff2fe23000 	/System/Library/Frameworks/Accelerate.framework/Versions/A/Frameworks/vecLib.framework/Versions/A/libQuadrature.dylib
0x00007fff2f59d000 	/System/Library/Frameworks/Accelerate.framework/Versions/A/Frameworks/vecLib.framework/Versions/A/libBNNS.dylib
0x00007fff2fe29000 	/System/Library/Frameworks/Accelerate.framework/Versions/A/Frameworks/vecLib.framework/Versions/A/libSparse.dylib
0x00007fff58655000 	/System/Library/PrivateFrameworks/LanguageModeling.framework/Versions/A/LanguageModeling
0x00007fff4aec7000 	/System/Library/PrivateFrameworks/CoreEmoji.framework/Versions/A/CoreEmoji
0x00007fff58773000 	/System/Library/PrivateFrameworks/LinguisticData.framework/Versions/A/LinguisticData
0x00007fff58724000 	/System/Library/PrivateFrameworks/Lexicon.framework/Versions/A/Lexicon
0x00007fff6a333000 	/usr/lib/libcmph.dylib
0x00007fff3c5b2000 	/System/Library/Frameworks/OpenDirectory.framework/Versions/A/Frameworks/CFOpenDirectory.framework/Versions/A/CFOpenDirectory
0x00007fff3c5cf000 	/System/Library/Frameworks/OpenDirectory.framework/Versions/A/OpenDirectory
0x00007fff449ef000 	/System/Library/PrivateFrameworks/APFS.framework/Versions/A/APFS
0x00007fff3fcbe000 	/System/Library/Frameworks/SecurityFoundation.framework/Versions/A/SecurityFoundation
0x00007fff6c3f9000 	/usr/lib/libutil.dylib
0x00007fff4c3fc000 	/System/Library/PrivateFrameworks/CoreServicesStore.framework/Versions/A/CoreServicesStore
0x00007fff3fd75000 	/System/Library/Frameworks/ServiceManagement.framework/Versions/A/ServiceManagement
0x00007fff48108000 	/System/Library/PrivateFrameworks/BackgroundTaskManagement.framework/Versions/A/BackgroundTaskManagement
0x00007fff6c4f6000 	/usr/lib/libxslt.1.dylib
0x00007fff46fac000 	/System/Library/PrivateFrameworks/AppleSystemInfo.framework/Versions/A/AppleSystemInfo
0x00007fff36172000 	/System/Library/Frameworks/ImageIO.framework/Versions/A/Resources/libJPEG.dylib
0x00007fff3642e000 	/System/Library/Frameworks/ImageIO.framework/Versions/A/Resources/libTIFF.dylib
0x00007fff36411000 	/System/Library/Frameworks/ImageIO.framework/Versions/A/Resources/libPng.dylib
0x00007fff360b4000 	/System/Library/Frameworks/ImageIO.framework/Versions/A/Resources/libGIF.dylib
0x00007fff360b8000 	/System/Library/Frameworks/ImageIO.framework/Versions/A/Resources/libJP2.dylib
0x00007fff3642c000 	/System/Library/Frameworks/ImageIO.framework/Versions/A/Resources/libRadiance.dylib
0x00007fff6ad77000 	/usr/lib/libexpat.1.dylib
0x00007fff46a95000 	/System/Library/PrivateFrameworks/AppleJPEG.framework/Versions/A/AppleJPEG
0x00007fff4f6d7000 	/System/Library/PrivateFrameworks/FontServices.framework/libFontParser.dylib
0x00007fff65f2b000 	/System/Library/PrivateFrameworks/WatchdogClient.framework/Versions/A/WatchdogClient
0x00007fff57cb1000 	/System/Library/PrivateFrameworks/IOAccelerator.framework/Versions/A/IOAccelerator
0x00007fff3893c000 	/System/Library/Frameworks/MetalPerformanceShaders.framework/Versions/A/MetalPerformanceShaders
0x00007fff5444a000 	/System/Library/PrivateFrameworks/GPUWrangler.framework/Versions/A/GPUWrangler
0x00007fff57cc6000 	/System/Library/PrivateFrameworks/IOPresentment.framework/Versions/A/IOPresentment
0x00007fff4cf78000 	/System/Library/PrivateFrameworks/DSExternalDisplay.framework/Versions/A/DSExternalDisplay
0x00007fff3cf43000 	/System/Library/Frameworks/OpenGL.framework/Versions/A/Libraries/libCoreFSCache.dylib
0x00007fff38688000 	/System/Library/Frameworks/MetalPerformanceShaders.framework/Frameworks/MPSCore.framework/Versions/A/MPSCore
0x00007fff386c6000 	/System/Library/Frameworks/MetalPerformanceShaders.framework/Frameworks/MPSImage.framework/Versions/A/MPSImage
0x00007fff3878d000 	/System/Library/Frameworks/MetalPerformanceShaders.framework/Frameworks/MPSNeuralNetwork.framework/Versions/A/MPSNeuralNetwork
0x00007fff38751000 	/System/Library/Frameworks/MetalPerformanceShaders.framework/Frameworks/MPSMatrix.framework/Versions/A/MPSMatrix
0x00007fff388ec000 	/System/Library/Frameworks/MetalPerformanceShaders.framework/Frameworks/MPSRayIntersector.framework/Versions/A/MPSRayIntersector
0x00007fff38777000 	/System/Library/Frameworks/MetalPerformanceShaders.framework/Frameworks/MPSNDArray.framework/Versions/A/MPSNDArray
0x00007fff59b2c000 	/System/Library/PrivateFrameworks/MetalTools.framework/Versions/A/MetalTools
0x00007fff45bc2000 	/System/Library/PrivateFrameworks/AggregateDictionary.framework/Versions/A/AggregateDictionary
0x00007fff4a921000 	/System/Library/PrivateFrameworks/CoreAnalytics.framework/Versions/A/CoreAnalytics
0x00007fff46ecb000 	/System/Library/PrivateFrameworks/AppleSauce.framework/Versions/A/AppleSauce
0x00007fff69d33000 	/usr/lib/libIOReport.dylib
0x00007fff35044000 	/System/Library/Frameworks/CoreVideo.framework/Versions/A/CoreVideo
0x00007fff558c4000 	/System/Library/PrivateFrameworks/GraphVisualizer.framework/Versions/A/GraphVisualizer
0x00007fff4ec2b000 	/System/Library/PrivateFrameworks/FaceCore.framework/Versions/A/FaceCore
0x00007fff3c559000 	/System/Library/Frameworks/OpenCL.framework/Versions/A/OpenCL
0x00007fff69b55000 	/usr/lib/libFosl_dynamic.dylib
0x00007fff5aff5000 	/System/Library/PrivateFrameworks/OTSVG.framework/Versions/A/OTSVG
0x00007fff31206000 	/System/Library/Frameworks/ApplicationServices.framework/Versions/A/Frameworks/ATS.framework/Versions/A/Resources/libFontRegistry.dylib
0x00007fff4f8a8000 	/System/Library/PrivateFrameworks/FontServices.framework/libhvf.dylib
0x00007fff3cf4e000 	/System/Library/Frameworks/OpenGL.framework/Versions/A/Libraries/libGFXShared.dylib
0x00007fff3d12c000 	/System/Library/Frameworks/OpenGL.framework/Versions/A/Libraries/libGLU.dylib
0x00007fff3cf57000 	/System/Library/Frameworks/OpenGL.framework/Versions/A/Libraries/libGL.dylib
0x00007fff3cf62000 	/System/Library/Frameworks/OpenGL.framework/Versions/A/Libraries/libGLImage.dylib
0x00007fff3cf40000 	/System/Library/Frameworks/OpenGL.framework/Versions/A/Libraries/libCVMSPluginSupport.dylib
0x00007fff3cf49000 	/System/Library/Frameworks/OpenGL.framework/Versions/A/Libraries/libCoreVMClient.dylib
0x00007fff6b7c9000 	/usr/lib/libncurses.5.4.dylib
0x00007fff31102000 	/System/Library/Frameworks/ApplicationServices.framework/Versions/A/Frameworks/ATS.framework/Versions/A/ATS
0x00007fff312cf000 	/System/Library/Frameworks/ApplicationServices.framework/Versions/A/Frameworks/ColorSyncLegacy.framework/Versions/A/ColorSyncLegacy
0x00007fff3136d000 	/System/Library/Frameworks/ApplicationServices.framework/Versions/A/Frameworks/HIServices.framework/Versions/A/HIServices
0x00007fff313c5000 	/System/Library/Frameworks/ApplicationServices.framework/Versions/A/Frameworks/LangAnalysis.framework/Versions/A/LangAnalysis
0x00007fff313d4000 	/System/Library/Frameworks/ApplicationServices.framework/Versions/A/Frameworks/PrintCore.framework/Versions/A/PrintCore
0x00007fff3141a000 	/System/Library/Frameworks/ApplicationServices.framework/Versions/A/Frameworks/QD.framework/Versions/A/QD
0x00007fff31425000 	/System/Library/Frameworks/ApplicationServices.framework/Versions/A/Frameworks/SpeechSynthesis.framework/Versions/A/SpeechSynthesis
0x00007fff3129f000 	/System/Library/Frameworks/ApplicationServices.framework/Versions/A/Frameworks/ATSUI.framework/Versions/A/ATSUI
0x00007fff6ac0b000 	/usr/lib/libcups.2.dylib
0x00007fff379d9000 	/System/Library/Frameworks/Kerberos.framework/Versions/A/Kerberos
0x00007fff35b1a000 	/System/Library/Frameworks/GSS.framework/Versions/A/GSS
0x00007fff6bf4a000 	/usr/lib/libresolv.9.dylib
0x00007fff55a72000 	/System/Library/PrivateFrameworks/Heimdal.framework/Versions/A/Heimdal
0x00007fff379ec000 	/System/Library/Frameworks/Kerberos.framework/Versions/A/Libraries/libHeimdalProxy.dylib
0x00007fff6adb4000 	/usr/lib/libheimdal-asn1.dylib
0x00007fff49dba000 	/System/Library/PrivateFrameworks/CommonAuth.framework/Versions/A/CommonAuth
0x00007fff47049000 	/System/Library/PrivateFrameworks/AssertionServices.framework/Versions/A/AssertionServices
0x00007fff47beb000 	/System/Library/PrivateFrameworks/AudioToolboxCore.framework/Versions/A/AudioToolboxCore
0x00007fff66bd5000 	/System/Library/PrivateFrameworks/caulk.framework/Versions/A/caulk
0x00007fff481b4000 	/System/Library/PrivateFrameworks/BaseBoard.framework/Versions/A/BaseBoard
0x00007fff5f240000 	/System/Library/PrivateFrameworks/RunningBoardServices.framework/Versions/A/RunningBoardServices
0x00007fff5c254000 	/System/Library/PrivateFrameworks/PersistentConnection.framework/Versions/A/PersistentConnection
0x00007fff5ec3a000 	/System/Library/PrivateFrameworks/ProtocolBuffer.framework/Versions/A/ProtocolBuffer
0x00007fff49dde000 	/System/Library/PrivateFrameworks/CommonUtilities.framework/Versions/A/CommonUtilities
0x00007fff48342000 	/System/Library/PrivateFrameworks/Bom.framework/Versions/A/Bom
0x00007fff69a06000 	/usr/lib/libAudioToolboxUtility.dylib
0x00007fff48112000 	/System/Library/PrivateFrameworks/Backup.framework/Versions/A/Backup
0x00007fff4ce99000 	/System/Library/PrivateFrameworks/CrashReporterSupport.framework/Versions/A/CrashReporterSupport
0x00007fff60cce000 	/System/Library/PrivateFrameworks/Sharing.framework/Versions/A/Sharing
0x00007fff46658000 	/System/Library/PrivateFrameworks/Apple80211.framework/Versions/A/Apple80211
0x00007fff47e2f000 	/System/Library/PrivateFrameworks/AuthKit.framework/Versions/A/AuthKit
0x00007fff4cba9000 	/System/Library/PrivateFrameworks/CoreUtils.framework/Versions/A/CoreUtils
0x00007fff35089000 	/System/Library/Frameworks/CoreWLAN.framework/Versions/A/CoreWLAN
0x00007fff35ca7000 	/System/Library/Frameworks/IOBluetooth.framework/Versions/A/IOBluetooth
0x00007fff59e30000 	/System/Library/PrivateFrameworks/MobileKeyBag.framework/Versions/A/MobileKeyBag
0x00007fff4b9af000 	/System/Library/PrivateFrameworks/CorePhoneNumbers.framework/Versions/A/CorePhoneNumbers
0x00007fff46a48000 	/System/Library/PrivateFrameworks/AppleIDAuthSupport.framework/Versions/A/AppleIDAuthSupport
0x00007fff399d1000 	/System/Library/Frameworks/Network.framework/Versions/A/Network
0x00007fff58501000 	/System/Library/PrivateFrameworks/KeychainCircle.framework/Versions/A/KeychainCircle
0x00007fff32ae2000 	/System/Library/Frameworks/CoreBluetooth.framework/Versions/A/CoreBluetooth
0x00007fff62d4b000 	/System/Library/PrivateFrameworks/SpeechRecognitionCore.framework/Versions/A/SpeechRecognitionCore
0x000000010dc00000 	/Library/Java/JavaVirtualMachines/jdk-11.0.6.jdk/Contents/Home/lib/server/libjvm.dylib
0x000000010cb9d000 	/Library/Java/JavaVirtualMachines/jdk-11.0.6.jdk/Contents/Home/lib/libverify.dylib
0x000000010cba9000 	/Library/Java/JavaVirtualMachines/jdk-11.0.6.jdk/Contents/Home/lib/libjava.dylib
0x000000010cbf8000 	/Library/Java/JavaVirtualMachines/jdk-11.0.6.jdk/Contents/Home/lib/libzip.dylib
0x000000010e986000 	/Library/Java/JavaVirtualMachines/jdk-11.0.6.jdk/Contents/Home/lib/libjimage.dylib
0x0000000130149000 	/Library/Java/JavaVirtualMachines/jdk-11.0.6.jdk/Contents/Home/lib/libnio.dylib
0x0000000130157000 	/Library/Java/JavaVirtualMachines/jdk-11.0.6.jdk/Contents/Home/lib/libnet.dylib
0x000000013023e000 	/private/var/folders/4q/8qnzw8j16xn978ncv3sjzd0h0000gn/T/lwjglmerkrin/3.2.3-build-13/liblwjgl.dylib
0x00000001305a6000 	/private/var/folders/4q/8qnzw8j16xn978ncv3sjzd0h0000gn/T/lwjglmerkrin/3.2.3-build-13/libglfw.dylib
0x00007fff4c3c8000 	/System/Library/PrivateFrameworks/CoreServicesInternal.framework/Versions/A/CoreServicesInternal
0x00007fff355a5000 	/System/Library/Frameworks/FileProvider.framework/Versions/A/FileProvider
0x00007fff30149000 	/System/Library/Frameworks/Accounts.framework/Versions/A/Accounts
0x00007fff5476f000 	/System/Library/PrivateFrameworks/GenerationalStorage.framework/Versions/A/GenerationalStorage
0x00007fff4c94e000 	/System/Library/PrivateFrameworks/CoreSymbolication.framework/Versions/A/CoreSymbolication
0x00007fff6358b000 	/System/Library/PrivateFrameworks/SymptomDiagnosticReporter.framework/Versions/A/SymptomDiagnosticReporter
0x00007fff4615d000 	/System/Library/PrivateFrameworks/AppContainer.framework/Versions/A/AppContainer
0x00007fff6bf64000 	/usr/lib/libsandbox.1.dylib
0x00007fff64ecf000 	/System/Library/PrivateFrameworks/UserManagement.framework/Versions/A/UserManagement
0x00007fff48efa000 	/System/Library/PrivateFrameworks/ChunkingLibrary.framework/Versions/A/ChunkingLibrary
0x00007fff4d0cd000 	/System/Library/PrivateFrameworks/DebugSymbols.framework/Versions/A/DebugSymbols
0x00007fff461cf000 	/System/Library/PrivateFrameworks/AppSandbox.framework/Versions/A/AppSandbox
0x00007fff60b58000 	/System/Library/PrivateFrameworks/SecCodeWrapper.framework/Versions/A/SecCodeWrapper
0x00007fff69e1b000 	/usr/lib/libMatch.1.dylib
0x00000001302b1000 	/usr/lib/libobjc-trampolines.dylib
0x00007fff2ecc7000 	/System/Library/Frameworks/Accelerate.framework/Versions/A/Frameworks/vImage.framework/Versions/A/Libraries/libCGInterfaces.dylib
0x00007fff66f28000 	/System/Library/PrivateFrameworks/login.framework/Versions/A/login
0x00007fff4f80f000 	/System/Library/PrivateFrameworks/FontServices.framework/libTrueTypeScaler.dylib
0x00007fff2ba40000 	/System/Library/Extensions/AppleIntelKBLGraphicsMTLDriver.bundle/Contents/MacOS/AppleIntelKBLGraphicsMTLDriver


VM Arguments:
jvm_args: --add-modules=javafx.controls --module-path=/Users/merkrin/.gradle/caches/modules-2/files-2.1/org.openjfx/javafx-controls/11/e3a24a14e8732abc6dc173f15872dc63e2a32e16/javafx-controls-11-mac.jar:/Users/merkrin/.gradle/caches/modules-2/files-2.1/org.openjfx/javafx-graphics/11/af47a6d3668d3ce1c61e1fe13c44471b6f8d469/javafx-graphics-11-mac.jar:/Users/merkrin/.gradle/caches/modules-2/files-2.1/org.openjfx/javafx-base/11/4b060dad0affd866df9d959e064faa8a1a2f4af0/javafx-base-11-mac.jar -Dfile.encoding=UTF-8 -Duser.country=RU -Duser.language=de -Duser.variant 
java_command: ru.hse.gui.GUI
java_class_path (initial): /Users/merkrin/Downloads/SkeletalAnimation/build/classes/java/main:/Users/merkrin/Downloads/SkeletalAnimation/build/resources/main:/Users/merkrin/.gradle/caches/modules-2/files-2.1/org.openjfx/javafx-controls/11/e3a24a14e8732abc6dc173f15872dc63e2a32e16/javafx-controls-11-mac.jar:/Users/merkrin/.gradle/caches/modules-2/files-2.1/org.openjfx/javafx-graphics/11/af47a6d3668d3ce1c61e1fe13c44471b6f8d469/javafx-graphics-11-mac.jar:/Users/merkrin/.gradle/caches/modules-2/files-2.1/org.openjfx/javafx-graphics/11/a736dd079047ec0b72b8c4970842a5c5e0c19f2f/javafx-graphics-11.jar:/Users/merkrin/.gradle/caches/modules-2/files-2.1/org.openjfx/javafx-base/11/4b060dad0affd866df9d959e064faa8a1a2f4af0/javafx-base-11-mac.jar:/Users/merkrin/.gradle/caches/modules-2/files-2.1/org.openjfx/javafx-base/11/9fcd3e8e3227ec97bf503f7991fad1f3b14d005/javafx-base-11.jar:/Users/merkrin/.gradle/caches/modules-2/files-2.1/org.lwjgl/lwjgl-assimp/3.2.3/f62aa07a20afbdd3097efc296c4841e0d29700eb/lwjgl-assimp-3.2.3.jar:/Users/merkrin/.gradle/caches/modules-2/files-2.1/org.lwjgl/lwjgl-assimp/3.2.3/6efe40673c59667d5eb759c5a77e53e0f5abdb31/lwjgl-assimp-3.2.3-natives-macos.jar:/Users/merkrin/.gradle/caches/modules-2/files-2.1/org.lwjgl/lwjgl-glfw/3.2.3/5e520d5c290c8b012545a8d34fa5db5ab051ea53/lwjgl-glfw-3.2.3.jar:/Users/merkrin/.gradle/caches/modules-2/files-2.1/org.lwjgl/lwjgl-glfw/3.2.3/58661272eacb9116336c88b4aadccf1f17c09b/lwjgl-glfw-3.2.3-natives-macos.jar:/Users/merkrin/.gradle/caches/modules-2/files-2.1/org.lwjgl/lwjgl-openal/3.2.3/106742e805803ab9eab8e343f0fb31a3d263903c/lwjgl-openal-3.2.3.jar:/Users/merkrin/.gradle/caches/modules-2/files-2.1/org.lwjgl/lwjgl-openal/3.2.3/67ddd2a090589dfe6c4659d7f8b125b43f7b822b/lwjgl-openal-3.2.3-natives-macos.jar:/Users/merkrin/.gradle/caches/modules-2/files-2.1/org.lwjgl/lwjgl-opengl/3.2.3/bdd534a323d0c8f54969b95e424b6ac8984f7d6e/lwjgl-opengl-3.2.3.jar:/Users/merkrin/.gradle/caches/modules-2/files-2.1/org.lwjgl/lwjgl-opengl/3.2.3/efa3326c1
Launcher Type: SUN_STANDARD

[Global flags]
     intx CICompilerCount                          = 4                                         {product} {ergonomic}
     uint ConcGCThreads                            = 2                                         {product} {ergonomic}
     uint G1ConcRefinementThreads                  = 8                                         {product} {ergonomic}
   size_t G1HeapRegionSize                         = 1048576                                   {product} {ergonomic}
    uintx GCDrainStackTargetSize                   = 64                                        {product} {ergonomic}
   size_t InitialHeapSize                          = 134217728                                 {product} {ergonomic}
   size_t MarkStackSize                            = 4194304                                   {product} {ergonomic}
   size_t MaxHeapSize                              = 2147483648                                {product} {ergonomic}
   size_t MaxNewSize                               = 1287651328                                {product} {ergonomic}
   size_t MinHeapDeltaBytes                        = 1048576                                   {product} {ergonomic}
    uintx NonNMethodCodeHeapSize                   = 5836300                                {pd product} {ergonomic}
    uintx NonProfiledCodeHeapSize                  = 122910970                              {pd product} {ergonomic}
    uintx ProfiledCodeHeapSize                     = 122910970                              {pd product} {ergonomic}
    uintx ReservedCodeCacheSize                    = 251658240                              {pd product} {ergonomic}
     bool SegmentedCodeCache                       = true                                      {product} {ergonomic}
     bool UseCompressedClassPointers               = true                                 {lp64_product} {ergonomic}
     bool UseCompressedOops                        = true                                 {lp64_product} {ergonomic}
     bool UseG1GC                                  = true                                      {product} {ergonomic}

Logging:
Log output configuration:
 #0: stdout all=warning uptime,level,tags
 #1: stderr all=off uptime,level,tags

Environment Variables:
PATH=/Library/Frameworks/Python.framework/Versions/3.8/bin:/usr/local/bin:/usr/bin:/bin:/usr/sbin:/sbin:/Library/Apple/usr/bin
SHELL=/bin/zsh

Signal Handlers:
SIGSEGV: [libjvm.dylib+0x73ea04], sa_mask[0]=11111111011111110111111111111111, sa_flags=SA_ONSTACK|SA_RESTART|SA_SIGINFO
SIGBUS: [libjvm.dylib+0x73ea04], sa_mask[0]=11111111011111110111111111111111, sa_flags=SA_RESTART|SA_SIGINFO
SIGFPE: [libjvm.dylib+0x73ea04], sa_mask[0]=11111111011111110111111111111111, sa_flags=SA_RESTART|SA_SIGINFO
SIGPIPE: [libjvm.dylib+0x5f1e1f], sa_mask[0]=11111111011111110111111111111111, sa_flags=SA_RESTART|SA_SIGINFO
SIGXFSZ: [libjvm.dylib+0x5f1e1f], sa_mask[0]=11111111011111110111111111111111, sa_flags=SA_RESTART|SA_SIGINFO
SIGILL: [libjvm.dylib+0x73ea04], sa_mask[0]=11111111011111110111111111111111, sa_flags=SA_RESTART|SA_SIGINFO
SIGUSR2: [libjvm.dylib+0x5f2409], sa_mask[0]=00100000000000000000000000000000, sa_flags=SA_RESTART|SA_SIGINFO
SIGHUP: [libjvm.dylib+0x5f0e67], sa_mask[0]=11111111011111110111111111111111, sa_flags=SA_RESTART|SA_SIGINFO
SIGINT: [libjvm.dylib+0x5f0e67], sa_mask[0]=11111111011111110111111111111111, sa_flags=SA_RESTART|SA_SIGINFO
SIGTERM: [libjvm.dylib+0x5f0e67], sa_mask[0]=11111111011111110111111111111111, sa_flags=SA_RESTART|SA_SIGINFO
SIGQUIT: [libjvm.dylib+0x5f0e67], sa_mask[0]=11111111011111110111111111111111, sa_flags=SA_RESTART|SA_SIGINFO


---------------  S Y S T E M  ---------------

OS:uname:Darwin 19.4.0 Darwin Kernel Version 19.4.0: Wed Mar  4 22:28:40 PST 2020; root:xnu-6153.101.6~15/RELEASE_X86_64 x86_64
rlimit: STACK 8192k, CORE 0k, NPROC 1392, NOFILE 10240, AS infinity, DATA infinity, FSIZE infinity
load average:1.85 1.90 1.80

CPU:total 8 (initial active 8) (4 cores per cpu, 2 threads per core) family 6 model 142 stepping 10, cmov, cx8, fxsr, mmx, sse, sse2, sse3, ssse3, sse4.1, sse4.2, popcnt, avx, avx2, aes, clmul, erms, 3dnowpref, lzcnt, ht, tsc, tscinvbit, bmi1, bmi2, adx, fma

Memory: 4k page, physical 8388608k(348744k free)

vm_info: Java HotSpot(TM) 64-Bit Server VM (11.0.6+8-LTS) for bsd-amd64 JRE (11.0.6+8-LTS), built on Dec 11 2019 09:19:47 by "mach5one" with gcc 4.2.1 Compatible Apple LLVM 10.0.0 (clang-1000.11.45.5)

END.
